2022-08-24 10:39:23.754[INFO][background-preinit][org.hibernate.validator.internal.util.Version]: HV000001: Hibernate Validator 6.2.2.Final
2022-08-24 10:39:23.774[INFO][restartedMain][com.example.spingboot.SpingbootApplication]: Starting SpingbootApplication using Java 11.0.4 on LAPTOP-PDL04RLS with PID 11320 (D:\spingboot\target\classes started by abbas in D:\spingboot)
2022-08-24 10:39:23.776[INFO][restartedMain][com.example.spingboot.SpingbootApplication]: No active profile set, falling back to 1 default profile: "default"
2022-08-24 10:39:23.809[INFO][restartedMain][org.springframework.boot.devtools.env.DevToolsPropertyDefaultsPostProcessor]: Devtools property defaults active! Set 'spring.devtools.add-properties' to 'false' to disable
2022-08-24 10:39:23.809[INFO][restartedMain][org.springframework.boot.devtools.env.DevToolsPropertyDefaultsPostProcessor]: For additional web related logging consider setting the 'logging.level.web' property to 'DEBUG'
2022-08-24 10:39:24.390[INFO][restartedMain][org.springframework.data.repository.config.RepositoryConfigurationDelegate]: Multiple Spring Data modules found, entering strict repository configuration mode!
2022-08-24 10:39:24.391[INFO][restartedMain][org.springframework.data.repository.config.RepositoryConfigurationDelegate]: Bootstrapping Spring Data Redis repositories in DEFAULT mode.
2022-08-24 10:39:24.415[INFO][restartedMain][org.springframework.data.repository.config.RepositoryConfigurationDelegate]: Finished Spring Data repository scanning in 15 ms. Found 0 Redis repository interfaces.
2022-08-24 10:39:24.952[INFO][restartedMain][org.springframework.boot.web.embedded.tomcat.TomcatWebServer]: Tomcat initialized with port(s): 8081 (http)
2022-08-24 10:39:24.953[INFO][restartedMain][org.apache.catalina.core.AprLifecycleListener]: Loaded Apache Tomcat Native library [1.2.30] using APR version [1.7.0].
2022-08-24 10:39:24.953[INFO][restartedMain][org.apache.catalina.core.AprLifecycleListener]: APR capabilities: IPv6 [true], sendfile [true], accept filters [false], random [true], UDS [true].
2022-08-24 10:39:24.953[INFO][restartedMain][org.apache.catalina.core.AprLifecycleListener]: APR/OpenSSL configuration: useAprConnector [false], useOpenSSL [true]
2022-08-24 10:39:24.957[INFO][restartedMain][org.apache.catalina.core.AprLifecycleListener]: OpenSSL successfully initialized [OpenSSL 1.1.1k  25 Mar 2021]
2022-08-24 10:39:24.965[INFO][restartedMain][org.apache.coyote.http11.Http11NioProtocol]: Initializing ProtocolHandler ["http-nio-8081"]
2022-08-24 10:39:24.965[INFO][restartedMain][org.apache.catalina.core.StandardService]: Starting service [Tomcat]
2022-08-24 10:39:24.966[INFO][restartedMain][org.apache.catalina.core.StandardEngine]: Starting Servlet engine: [Apache Tomcat/9.0.58]
2022-08-24 10:39:25.030[INFO][restartedMain][org.apache.catalina.core.ContainerBase.[Tomcat].[localhost].[/]]: Initializing Spring embedded WebApplicationContext
2022-08-24 10:39:25.030[INFO][restartedMain][org.springframework.boot.web.servlet.context.ServletWebServerApplicationContext]: Root WebApplicationContext: initialization completed in 1221 ms
2022-08-24 10:39:25.939[INFO][restartedMain][org.springframework.security.web.DefaultSecurityFilterChain]: Will not secure any request
2022-08-24 10:39:26.226[INFO][restartedMain][org.springframework.boot.devtools.autoconfigure.OptionalLiveReloadServer]: LiveReload server is running on port 35729
2022-08-24 10:39:26.246[INFO][restartedMain][org.apache.coyote.http11.Http11NioProtocol]: Starting ProtocolHandler ["http-nio-8081"]
2022-08-24 10:39:26.260[INFO][restartedMain][org.springframework.boot.web.embedded.tomcat.TomcatWebServer]: Tomcat started on port(s): 8081 (http) with context path ''
2022-08-24 10:39:26.270[INFO][restartedMain][com.example.spingboot.SpingbootApplication]: Started SpingbootApplication in 2.91 seconds (JVM running for 3.859)
2022-08-24 10:40:00.973[INFO][http-nio-8081-exec-1][org.apache.catalina.core.ContainerBase.[Tomcat].[localhost].[/]]: Initializing Spring DispatcherServlet 'dispatcherServlet'
2022-08-24 10:40:00.974[INFO][http-nio-8081-exec-1][org.springframework.web.servlet.DispatcherServlet]: Initializing Servlet 'dispatcherServlet'
2022-08-24 10:40:00.975[INFO][http-nio-8081-exec-1][org.springframework.web.servlet.DispatcherServlet]: Completed initialization in 1 ms
